<?xml version="1.0" encoding="UTF-8"?>
<testng-results ignored="0" total="6" passed="6" failed="0" skipped="0">
  <reporter-output>
  </reporter-output>
  <suite started-at="2023-08-17T15:14:00 IST" name="Suite" finished-at="2023-08-17T15:15:21 IST" duration-ms="80714">
    <groups>
      <group name="cucumber">
        <method signature="AbstractTestNGCucumberTests.runScenario(io.cucumber.testng.PickleWrapper,io.cucumber.testng.FeatureWrapper)[pri:0, instance:Runners.TestRunner@53aac487]" name="runScenario" class="io.cucumber.testng.AbstractTestNGCucumberTests"/>
      </group> <!-- cucumber -->
    </groups>
    <test started-at="2023-08-17T15:14:00 IST" name="Test" finished-at="2023-08-17T15:15:21 IST" duration-ms="80714">
      <class name="Runners.TestRunner">
        <test-method is-config="true" signature="beforeSuite()[pri:0, instance:Runners.TestRunner@53aac487]" started-at="2023-08-17T15:14:00 IST" name="beforeSuite" finished-at="2023-08-17T15:14:00 IST" duration-ms="4" status="PASS">
          <reporter-output>
          </reporter-output>
        </test-method> <!-- beforeSuite -->
        <test-method is-config="true" signature="setUpClass()[pri:0, instance:Runners.TestRunner@53aac487]" started-at="2023-08-17T15:14:00 IST" name="setUpClass" finished-at="2023-08-17T15:14:01 IST" duration-ms="186" status="PASS">
          <reporter-output>
          </reporter-output>
        </test-method> <!-- setUpClass -->
        <test-method signature="runScenario(io.cucumber.testng.PickleWrapper,io.cucumber.testng.FeatureWrapper)[pri:0, instance:Runners.TestRunner@53aac487]" started-at="2023-08-17T15:14:01 IST" name="runScenario" description="Runs Cucumber Scenarios" data-provider="scenarios" finished-at="2023-08-17T15:14:16 IST" duration-ms="15302" status="PASS">
          <params>
            <param index="0">
              <value>
                <![CDATA["Verifies User able to get the Age by providing DOB"]]>
              </value>
            </param>
            <param index="1">
              <value>
                <![CDATA["Optional[Validate HowOldAreYou With Diff Data]"]]>
              </value>
            </param>
          </params>
          <reporter-output>
          </reporter-output>
        </test-method> <!-- runScenario -->
        <test-method signature="runScenario(io.cucumber.testng.PickleWrapper,io.cucumber.testng.FeatureWrapper)[pri:0, instance:Runners.TestRunner@53aac487]" started-at="2023-08-17T15:14:16 IST" name="runScenario" description="Runs Cucumber Scenarios" data-provider="scenarios" finished-at="2023-08-17T15:14:29 IST" duration-ms="13300" status="PASS">
          <params>
            <param index="0">
              <value>
                <![CDATA["Verifies User able to get the Age by providing DOB"]]>
              </value>
            </param>
            <param index="1">
              <value>
                <![CDATA["Optional[Validate HowOldAreYou With Diff Data]"]]>
              </value>
            </param>
          </params>
          <reporter-output>
          </reporter-output>
        </test-method> <!-- runScenario -->
        <test-method signature="runScenario(io.cucumber.testng.PickleWrapper,io.cucumber.testng.FeatureWrapper)[pri:0, instance:Runners.TestRunner@53aac487]" started-at="2023-08-17T15:14:29 IST" name="runScenario" description="Runs Cucumber Scenarios" data-provider="scenarios" finished-at="2023-08-17T15:14:42 IST" duration-ms="12406" status="PASS">
          <params>
            <param index="0">
              <value>
                <![CDATA["Verifies User able to get the Age by providing DOB"]]>
              </value>
            </param>
            <param index="1">
              <value>
                <![CDATA["Optional[Validate HowOldAreYou With Diff Data]"]]>
              </value>
            </param>
          </params>
          <reporter-output>
          </reporter-output>
        </test-method> <!-- runScenario -->
        <test-method signature="runScenario(io.cucumber.testng.PickleWrapper,io.cucumber.testng.FeatureWrapper)[pri:0, instance:Runners.TestRunner@53aac487]" started-at="2023-08-17T15:14:42 IST" name="runScenario" description="Runs Cucumber Scenarios" data-provider="scenarios" finished-at="2023-08-17T15:14:54 IST" duration-ms="12057" status="PASS">
          <params>
            <param index="0">
              <value>
                <![CDATA["Verifies User able to get the Age by providing DOB"]]>
              </value>
            </param>
            <param index="1">
              <value>
                <![CDATA["Optional[Validate HowOldAreYou With Diff Data]"]]>
              </value>
            </param>
          </params>
          <reporter-output>
          </reporter-output>
        </test-method> <!-- runScenario -->
        <test-method signature="runScenario(io.cucumber.testng.PickleWrapper,io.cucumber.testng.FeatureWrapper)[pri:0, instance:Runners.TestRunner@53aac487]" started-at="2023-08-17T15:14:54 IST" name="runScenario" description="Runs Cucumber Scenarios" data-provider="scenarios" finished-at="2023-08-17T15:15:05 IST" duration-ms="11758" status="PASS">
          <params>
            <param index="0">
              <value>
                <![CDATA["Verifies User able to get the Age by providing DOB"]]>
              </value>
            </param>
            <param index="1">
              <value>
                <![CDATA["Optional[Validate HowOldAreYou With Diff Data]"]]>
              </value>
            </param>
          </params>
          <reporter-output>
          </reporter-output>
        </test-method> <!-- runScenario -->
        <test-method signature="runScenario(io.cucumber.testng.PickleWrapper,io.cucumber.testng.FeatureWrapper)[pri:0, instance:Runners.TestRunner@53aac487]" started-at="2023-08-17T15:15:05 IST" name="runScenario" description="Runs Cucumber Scenarios" data-provider="scenarios" finished-at="2023-08-17T15:15:20 IST" duration-ms="14311" status="PASS">
          <params>
            <param index="0">
              <value>
                <![CDATA["Verifies User able to get the Age by providing DOB"]]>
              </value>
            </param>
            <param index="1">
              <value>
                <![CDATA["Optional[Validate HowOldAreYou With Diff Data]"]]>
              </value>
            </param>
          </params>
          <reporter-output>
          </reporter-output>
        </test-method> <!-- runScenario -->
        <test-method is-config="true" signature="tearDownClass()[pri:0, instance:Runners.TestRunner@53aac487]" started-at="2023-08-17T15:15:20 IST" name="tearDownClass" finished-at="2023-08-17T15:15:21 IST" duration-ms="1374" status="PASS">
          <reporter-output>
          </reporter-output>
        </test-method> <!-- tearDownClass -->
        <test-method is-config="true" signature="afterSuite()[pri:0, instance:Runners.TestRunner@53aac487]" started-at="2023-08-17T15:15:21 IST" name="afterSuite" finished-at="2023-08-17T15:15:21 IST" duration-ms="0" status="PASS">
          <reporter-output>
          </reporter-output>
        </test-method> <!-- afterSuite -->
      </class> <!-- Runners.TestRunner -->
    </test> <!-- Test -->
  </suite> <!-- Suite -->
</testng-results>
